# JRE version: Java(TM) SE Runtime Environment (8.0_101-b13) (build 1.8.0_101-b13)
# Java VM: Java HotSpot(TM) 64-Bit Server VM (25.101-b13 mixed mode windows-amd64 compressed oops)
Heap:
 PSYoungGen      total 207360K, used 18928K [0x00000000f0000000, 0x00000000fdd80000, 0x0000000100000000)
  eden space 190976K, 9% used [0x00000000f0000000,0x00000000f127c1b8,0x00000000fba80000)
  from space 16384K, 0% used [0x00000000fcb80000,0x00000000fcb80000,0x00000000fdb80000)
  to   space 17408K, 0% used [0x00000000fba80000,0x00000000fba80000,0x00000000fcb80000)
 ParOldGen       total 86016K, used 31889K [0x00000000d0000000, 0x00000000d5400000, 0x00000000f0000000)
  object space 86016K, 37% used [0x00000000d0000000,0x00000000d1f24538,0x00000000d5400000)
 Metaspace       used 22513K, capacity 22966K, committed 23344K, reserved 1069056K
  class space    used 2646K, capacity 2827K, committed 2944K, reserved 1048576K
GC Heap History (10 events):
Event: 5.547 GC heap before
{Heap before GC invocations=7 (full 0):
 PSYoungGen      total 69632K, used 69617K [0x00000000f0000000, 0x00000000f5100000, 0x0000000100000000)
  eden space 60928K, 100% used [0x00000000f0000000,0x00000000f3b80000,0x00000000f3b80000)
  from space 8704K, 99% used [0x00000000f4580000,0x00000000f4dfc5b8,0x00000000f4e00000)
  to   space 10240K, 0% used [0x00000000f3b80000,0x00000000f3b80000,0x00000000f4580000)
 ParOldGen       total 83456K, used 7836K [0x00000000d0000000, 0x00000000d5180000, 0x00000000f0000000)
  object space 83456K, 9% used [0x00000000d0000000,0x00000000d07a7120,0x00000000d5180000)
 Metaspace       used 15809K, capacity 16078K, committed 16384K, reserved 1062912K
  class space    used 1848K, capacity 1983K, committed 2048K, reserved 1048576K
Event: 5.565 GC heap after
Heap after GC invocations=7 (full 0):
 PSYoungGen      total 71168K, used 9696K [0x00000000f0000000, 0x00000000f8d00000, 0x0000000100000000)
  eden space 60928K, 0% used [0x00000000f0000000,0x00000000f0000000,0x00000000f3b80000)
  from space 10240K, 94% used [0x00000000f3b80000,0x00000000f44f8000,0x00000000f4580000)
  to   space 11264K, 0% used [0x00000000f8200000,0x00000000f8200000,0x00000000f8d00000)
 ParOldGen       total 83456K, used 10188K [0x00000000d0000000, 0x00000000d5180000, 0x00000000f0000000)
  object space 83456K, 12% used [0x00000000d0000000,0x00000000d09f3260,0x00000000d5180000)
 Metaspace       used 15809K, capacity 16078K, committed 16384K, reserved 1062912K
  class space    used 1848K, capacity 1983K, committed 2048K, reserved 1048576K
}
Event: 6.008 GC heap before
{Heap before GC invocations=8 (full 0):
 PSYoungGen      total 71168K, used 70624K [0x00000000f0000000, 0x00000000f8d00000, 0x0000000100000000)
  eden space 60928K, 100% used [0x00000000f0000000,0x00000000f3b80000,0x00000000f3b80000)
  from space 10240K, 94% used [0x00000000f3b80000,0x00000000f44f8000,0x00000000f4580000)
  to   space 11264K, 0% used [0x00000000f8200000,0x00000000f8200000,0x00000000f8d00000)
 ParOldGen       total 83456K, used 10188K [0x00000000d0000000, 0x00000000d5180000, 0x00000000f0000000)
  object space 83456K, 12% used [0x00000000d0000000,0x00000000d09f3260,0x00000000d5180000)
 Metaspace       used 15872K, capacity 16142K, committed 16384K, reserved 1062912K
  class space    used 1848K, capacity 1983K, committed 2048K, reserved 1048576K
Event: 6.034 GC heap after
Heap after GC invocations=8 (full 0):
 PSYoungGen      total 131072K, used 11264K [0x00000000f0000000, 0x00000000f9100000, 0x0000000100000000)
  eden space 119808K, 0% used [0x00000000f0000000,0x00000000f0000000,0x00000000f7500000)
  from space 11264K, 100% used [0x00000000f8200000,0x00000000f8d00000,0x00000000f8d00000)
  to   space 13312K, 0% used [0x00000000f7500000,0x00000000f7500000,0x00000000f8200000)
 ParOldGen       total 83456K, used 11996K [0x00000000d0000000, 0x00000000d5180000, 0x00000000f0000000)
  object space 83456K, 14% used [0x00000000d0000000,0x00000000d0bb7260,0x00000000d5180000)
 Metaspace       used 15872K, capacity 16142K, committed 16384K, reserved 1062912K
  class space    used 1848K, capacity 1983K, committed 2048K, reserved 1048576K
}
Event: 7.811 GC heap before
{Heap before GC invocations=9 (full 0):
 PSYoungGen      total 131072K, used 131072K [0x00000000f0000000, 0x00000000f9100000, 0x0000000100000000)
  eden space 119808K, 100% used [0x00000000f0000000,0x00000000f7500000,0x00000000f7500000)
  from space 11264K, 100% used [0x00000000f8200000,0x00000000f8d00000,0x00000000f8d00000)
  to   space 13312K, 0% used [0x00000000f7500000,0x00000000f7500000,0x00000000f8200000)
 ParOldGen       total 83456K, used 11996K [0x00000000d0000000, 0x00000000d5180000, 0x00000000f0000000)
  object space 83456K, 14% used [0x00000000d0000000,0x00000000d0bb7260,0x00000000d5180000)
 Metaspace       used 16249K, capacity 16620K, committed 16768K, reserved 1064960K
  class space    used 1903K, capacity 2056K, committed 2176K, reserved 1048576K
Event: 7.832 GC heap after
Heap after GC invocations=9 (full 0):
 PSYoungGen      total 133120K, used 13298K [0x00000000f0000000, 0x00000000fdb80000, 0x0000000100000000)
  eden space 119808K, 0% used [0x00000000f0000000,0x00000000f0000000,0x00000000f7500000)
  from space 13312K, 99% used [0x00000000f7500000,0x00000000f81fcb50,0x00000000f8200000)
  to   space 16384K, 0% used [0x00000000fcb80000,0x00000000fcb80000,0x00000000fdb80000)
 ParOldGen       total 83456K, used 16278K [0x00000000d0000000, 0x00000000d5180000, 0x00000000f0000000)
  object space 83456K, 19% used [0x00000000d0000000,0x00000000d0fe5bc0,0x00000000d5180000)
 Metaspace       used 16249K, capacity 16620K, committed 16768K, reserved 1064960K
  class space    used 1903K, capacity 2056K, committed 2176K, reserved 1048576K
}
Event: 9.617 GC heap before
{Heap before GC invocations=10 (full 0):
 PSYoungGen      total 133120K, used 106581K [0x00000000f0000000, 0x00000000fdb80000, 0x0000000100000000)
  eden space 119808K, 77% used [0x00000000f0000000,0x00000000f5b18b70,0x00000000f7500000)
  from space 13312K, 99% used [0x00000000f7500000,0x00000000f81fcb50,0x00000000f8200000)
  to   space 16384K, 0% used [0x00000000fcb80000,0x00000000fcb80000,0x00000000fdb80000)
 ParOldGen       total 83456K, used 16278K [0x00000000d0000000, 0x00000000d5180000, 0x00000000f0000000)
  object space 83456K, 19% used [0x00000000d0000000,0x00000000d0fe5bc0,0x00000000d5180000)
 Metaspace       used 20716K, capacity 21174K, committed 21296K, reserved 1069056K
  class space    used 2419K, capacity 2635K, committed 2688K, reserved 1048576K
Event: 9.708 GC heap after
Heap after GC invocations=10 (full 0):
 PSYoungGen      total 207360K, used 14088K [0x00000000f0000000, 0x00000000fdd80000, 0x0000000100000000)
  eden space 190976K, 0% used [0x00000000f0000000,0x00000000f0000000,0x00000000fba80000)
  from space 16384K, 85% used [0x00000000fcb80000,0x00000000fd9422a0,0x00000000fdb80000)
  to   space 17408K, 0% used [0x00000000fba80000,0x00000000fba80000,0x00000000fcb80000)
 ParOldGen       total 83456K, used 24006K [0x00000000d0000000, 0x00000000d5180000, 0x00000000f0000000)
  object space 83456K, 28% used [0x00000000d0000000,0x00000000d1771bc0,0x00000000d5180000)
 Metaspace       used 20716K, capacity 21174K, committed 21296K, reserved 1069056K
  class space    used 2419K, capacity 2635K, committed 2688K, reserved 1048576K
}
Event: 9.709 GC heap before
{Heap before GC invocations=11 (full 1):
 PSYoungGen      total 207360K, used 14088K [0x00000000f0000000, 0x00000000fdd80000, 0x0000000100000000)
  eden space 190976K, 0% used [0x00000000f0000000,0x00000000f0000000,0x00000000fba80000)
  from space 16384K, 85% used [0x00000000fcb80000,0x00000000fd9422a0,0x00000000fdb80000)
  to   space 17408K, 0% used [0x00000000fba80000,0x00000000fba80000,0x00000000fcb80000)
 ParOldGen       total 83456K, used 24006K [0x00000000d0000000, 0x00000000d5180000, 0x00000000f0000000)
  object space 83456K, 28% used [0x00000000d0000000,0x00000000d1771bc0,0x00000000d5180000)
 Metaspace       used 20716K, capacity 21174K, committed 21296K, reserved 1069056K
  class space    used 2419K, capacity 2635K, committed 2688K, reserved 1048576K
Event: 10.015 GC heap after
Heap after GC invocations=11 (full 1):
 PSYoungGen      total 207360K, used 0K [0x00000000f0000000, 0x00000000fdd80000, 0x0000000100000000)
  eden space 190976K, 0% used [0x00000000f0000000,0x00000000f0000000,0x00000000fba80000)
  from space 16384K, 0% used [0x00000000fcb80000,0x00000000fcb80000,0x00000000fdb80000)
  to   space 17408K, 0% used [0x00000000fba80000,0x00000000fba80000,0x00000000fcb80000)
 ParOldGen       total 86016K, used 31889K [0x00000000d0000000, 0x00000000d5400000, 0x00000000f0000000)
  object space 86016K, 37% used [0x00000000d0000000,0x00000000d1f24538,0x00000000d5400000)
 Metaspace       used 20716K, capacity 21174K, committed 21296K, reserved 1069056K
  class space    used 2419K, capacity 2635K, committed 2688K, reserved 1048576K
}

