# JRE version: Java(TM) SE Runtime Environment (8.0_101-b13) (build 1.8.0_101-b13)
# Java VM: Java HotSpot(TM) 64-Bit Server VM (25.101-b13 mixed mode windows-amd64 compressed oops)
Heap:
 PSYoungGen      total 136704K, used 120935K [0x00000000f0000000, 0x00000000f9400000, 0x0000000100000000)
  eden space 123392K, 98% used [0x00000000f0000000,0x00000000f7619ed8,0x00000000f7880000)
  from space 13312K, 0% used [0x00000000f7880000,0x00000000f7880000,0x00000000f8580000)
  to   space 11776K, 0% used [0x00000000f8580000,0x00000000f8580000,0x00000000f9100000)
 ParOldGen       total 80896K, used 26864K [0x00000000d0000000, 0x00000000d4f00000, 0x00000000f0000000)
  object space 80896K, 33% used [0x00000000d0000000,0x00000000d1a3c3c8,0x00000000d4f00000)
 Metaspace       used 26730K, capacity 27386K, committed 27648K, reserved 1073152K
  class space    used 3225K, capacity 3492K, committed 3584K, reserved 1048576K
GC Heap History (10 events):
Event: 3.532 GC heap before
{Heap before GC invocations=6 (full 0):
 PSYoungGen      total 67584K, used 67552K [0x00000000f0000000, 0x00000000f9100000, 0x0000000100000000)
  eden space 62464K, 100% used [0x00000000f0000000,0x00000000f3d00000,0x00000000f3d00000)
  from space 5120K, 99% used [0x00000000f3d00000,0x00000000f41f8040,0x00000000f4200000)
  to   space 11776K, 0% used [0x00000000f8580000,0x00000000f8580000,0x00000000f9100000)
 ParOldGen       total 83456K, used 11393K [0x00000000d0000000, 0x00000000d5180000, 0x00000000f0000000)
  object space 83456K, 13% used [0x00000000d0000000,0x00000000d0b20560,0x00000000d5180000)
 Metaspace       used 15808K, capacity 16066K, committed 16384K, reserved 1062912K
  class space    used 1848K, capacity 1983K, committed 2048K, reserved 1048576K
Event: 3.549 GC heap after
Heap after GC invocations=6 (full 0):
 PSYoungGen      total 135168K, used 11552K [0x00000000f0000000, 0x00000000f9400000, 0x0000000100000000)
  eden space 123392K, 0% used [0x00000000f0000000,0x00000000f0000000,0x00000000f7880000)
  from space 11776K, 98% used [0x00000000f8580000,0x00000000f90c8020,0x00000000f9100000)
  to   space 13312K, 0% used [0x00000000f7880000,0x00000000f7880000,0x00000000f8580000)
 ParOldGen       total 83456K, used 11393K [0x00000000d0000000, 0x00000000d5180000, 0x00000000f0000000)
  object space 83456K, 13% used [0x00000000d0000000,0x00000000d0b20560,0x00000000d5180000)
 Metaspace       used 15808K, capacity 16066K, committed 16384K, reserved 1062912K
  class space    used 1848K, capacity 1983K, committed 2048K, reserved 1048576K
}
Event: 4.237 GC heap before
{Heap before GC invocations=7 (full 0):
 PSYoungGen      total 135168K, used 134944K [0x00000000f0000000, 0x00000000f9400000, 0x0000000100000000)
  eden space 123392K, 100% used [0x00000000f0000000,0x00000000f7880000,0x00000000f7880000)
  from space 11776K, 98% used [0x00000000f8580000,0x00000000f90c8020,0x00000000f9100000)
  to   space 13312K, 0% used [0x00000000f7880000,0x00000000f7880000,0x00000000f8580000)
 ParOldGen       total 83456K, used 11393K [0x00000000d0000000, 0x00000000d5180000, 0x00000000f0000000)
  object space 83456K, 13% used [0x00000000d0000000,0x00000000d0b20560,0x00000000d5180000)
 Metaspace       used 15919K, capacity 16264K, committed 16384K, reserved 1062912K
  class space    used 1849K, capacity 1984K, committed 2048K, reserved 1048576K
Event: 4.272 GC heap after
Heap after GC invocations=7 (full 0):
 PSYoungGen      total 136704K, used 13312K [0x00000000f0000000, 0x00000000f9400000, 0x0000000100000000)
  eden space 123392K, 0% used [0x00000000f0000000,0x00000000f0000000,0x00000000f7880000)
  from space 13312K, 100% used [0x00000000f7880000,0x00000000f8580000,0x00000000f8580000)
  to   space 11776K, 0% used [0x00000000f8580000,0x00000000f8580000,0x00000000f9100000)
 ParOldGen       total 83456K, used 16449K [0x00000000d0000000, 0x00000000d5180000, 0x00000000f0000000)
  object space 83456K, 19% used [0x00000000d0000000,0x00000000d10106c0,0x00000000d5180000)
 Metaspace       used 15919K, capacity 16264K, committed 16384K, reserved 1062912K
  class space    used 1849K, capacity 1984K, committed 2048K, reserved 1048576K
}
Event: 5.593 GC heap before
{Heap before GC invocations=8 (full 0):
 PSYoungGen      total 136704K, used 136704K [0x00000000f0000000, 0x00000000f9400000, 0x0000000100000000)
  eden space 123392K, 100% used [0x00000000f0000000,0x00000000f7880000,0x00000000f7880000)
  from space 13312K, 100% used [0x00000000f7880000,0x00000000f8580000,0x00000000f8580000)
  to   space 11776K, 0% used [0x00000000f8580000,0x00000000f8580000,0x00000000f9100000)
 ParOldGen       total 83456K, used 16449K [0x00000000d0000000, 0x00000000d5180000, 0x00000000f0000000)
  object space 83456K, 19% used [0x00000000d0000000,0x00000000d10106c0,0x00000000d5180000)
 Metaspace       used 19789K, capacity 20218K, committed 20480K, reserved 1067008K
  class space    used 2339K, capacity 2555K, committed 2560K, reserved 1048576K
Event: 5.626 GC heap after
Heap after GC invocations=8 (full 0):
 PSYoungGen      total 135168K, used 11745K [0x00000000f0000000, 0x00000000f9400000, 0x0000000100000000)
  eden space 123392K, 0% used [0x00000000f0000000,0x00000000f0000000,0x00000000f7880000)
  from space 11776K, 99% used [0x00000000f8580000,0x00000000f90f85a0,0x00000000f9100000)
  to   space 13312K, 0% used [0x00000000f7880000,0x00000000f7880000,0x00000000f8580000)
 ParOldGen       total 83456K, used 27898K [0x00000000d0000000, 0x00000000d5180000, 0x00000000f0000000)
  object space 83456K, 33% used [0x00000000d0000000,0x00000000d1b3eb78,0x00000000d5180000)
 Metaspace       used 19789K, capacity 20218K, committed 20480K, reserved 1067008K
  class space    used 2339K, capacity 2555K, committed 2560K, reserved 1048576K
}
Event: 6.050 GC heap before
{Heap before GC invocations=9 (full 0):
 PSYoungGen      total 135168K, used 46107K [0x00000000f0000000, 0x00000000f9400000, 0x0000000100000000)
  eden space 123392K, 27% used [0x00000000f0000000,0x00000000f218e840,0x00000000f7880000)
  from space 11776K, 99% used [0x00000000f8580000,0x00000000f90f85a0,0x00000000f9100000)
  to   space 13312K, 0% used [0x00000000f7880000,0x00000000f7880000,0x00000000f8580000)
 ParOldGen       total 83456K, used 27898K [0x00000000d0000000, 0x00000000d5180000, 0x00000000f0000000)
  object space 83456K, 33% used [0x00000000d0000000,0x00000000d1b3eb78,0x00000000d5180000)
 Metaspace       used 20708K, capacity 21162K, committed 21296K, reserved 1069056K
  class space    used 2420K, capacity 2635K, committed 2688K, reserved 1048576K
Event: 6.068 GC heap after
Heap after GC invocations=9 (full 0):
 PSYoungGen      total 136704K, used 8818K [0x00000000f0000000, 0x00000000f9400000, 0x0000000100000000)
  eden space 123392K, 0% used [0x00000000f0000000,0x00000000f0000000,0x00000000f7880000)
  from space 13312K, 66% used [0x00000000f7880000,0x00000000f811cbe0,0x00000000f8580000)
  to   space 11776K, 0% used [0x00000000f8580000,0x00000000f8580000,0x00000000f9100000)
 ParOldGen       total 83456K, used 33301K [0x00000000d0000000, 0x00000000d5180000, 0x00000000f0000000)
  object space 83456K, 39% used [0x00000000d0000000,0x00000000d2085410,0x00000000d5180000)
 Metaspace       used 20708K, capacity 21162K, committed 21296K, reserved 1069056K
  class space    used 2420K, capacity 2635K, committed 2688K, reserved 1048576K
}
Event: 6.068 GC heap before
{Heap before GC invocations=10 (full 1):
 PSYoungGen      total 136704K, used 8818K [0x00000000f0000000, 0x00000000f9400000, 0x0000000100000000)
  eden space 123392K, 0% used [0x00000000f0000000,0x00000000f0000000,0x00000000f7880000)
  from space 13312K, 66% used [0x00000000f7880000,0x00000000f811cbe0,0x00000000f8580000)
  to   space 11776K, 0% used [0x00000000f8580000,0x00000000f8580000,0x00000000f9100000)
 ParOldGen       total 83456K, used 33301K [0x00000000d0000000, 0x00000000d5180000, 0x00000000f0000000)
  object space 83456K, 39% used [0x00000000d0000000,0x00000000d2085410,0x00000000d5180000)
 Metaspace       used 20708K, capacity 21162K, committed 21296K, reserved 1069056K
  class space    used 2420K, capacity 2635K, committed 2688K, reserved 1048576K
Event: 6.194 GC heap after
Heap after GC invocations=10 (full 1):
 PSYoungGen      total 136704K, used 0K [0x00000000f0000000, 0x00000000f9400000, 0x0000000100000000)
  eden space 123392K, 0% used [0x00000000f0000000,0x00000000f0000000,0x00000000f7880000)
  from space 13312K, 0% used [0x00000000f7880000,0x00000000f7880000,0x00000000f8580000)
  to   space 11776K, 0% used [0x00000000f8580000,0x00000000f8580000,0x00000000f9100000)
 ParOldGen       total 80896K, used 26864K [0x00000000d0000000, 0x00000000d4f00000, 0x00000000f0000000)
  object space 80896K, 33% used [0x00000000d0000000,0x00000000d1a3c3c8,0x00000000d4f00000)
 Metaspace       used 20708K, capacity 21162K, committed 21296K, reserved 1069056K
  class space    used 2420K, capacity 2635K, committed 2688K, reserved 1048576K
}

